[handleMsg]:  {
  key: {
    remoteJid: '51958898045@s.whatsapp.net',
    fromMe: false,
    id: '0D5E41912CBE4DD937491E194C490F54',
    participant: undefined
  },
  messageTimestamp: 1708709279,
  pushName: 'Bianca',
  broadcast: false,
  message: Message {
    conversation: 'Samurai',
    messageContextInfo: MessageContextInfo {
      deviceListMetadata: [DeviceListMetadata],
      deviceListMetadataVersion: 2
    }
  },
  body: 'Samurai',
  from: '51958898045'
}
[QUEUE_SE_ENVIO]:  {
  ref: 'ans_cb87b3cf-aede-43b2-9838-2dc770eb22b2',
  keyword: 'key_83598b23-55c2-4f03-b199-9525a4e9e3af',
  answer: '🙌 Hola bienvenido a este *Chatbot*',
  options: {
    media: null,
    buttons: [],
    capture: false,
    child: null,
    delay: 0,
    idle: null,
    ref: null,
    nested: [],
    keyword: {},
    callback: false
  },
  refSerialize: '3e4133ef21ac9a8c25026b2e4fd39a2a'
}
[QUEUE_SE_ENVIO]:  {
  ref: 'ans_0f8eb066-3a93-4530-a966-ff34ff551f40',
  keyword: 'ans_cb87b3cf-aede-43b2-9838-2dc770eb22b2',
  answer: 'Holu, si quiere comunicarse con un *agente* por favor, escriba *si*',
  options: {
    media: null,
    buttons: [],
    capture: false,
    child: null,
    delay: 0,
    idle: null,
    ref: null,
    nested: [
      [Object], [Object],
      [Object], [Object],
      [Object], [Object],
      [Object], [Object]
    ],
    keyword: {},
    callback: false
  },
  refSerialize: '1789b207b64a2eef5034f21c21f78abc'
}
